[2024-03-26T15:18:41.815+0200] {taskinstance.py:1979} INFO - Dependencies all met for dep_context=non-requeueable deps ti=<TaskInstance: trigger_dag.process_result.sensor_triggered_dag manual__2024-03-26T13:18:28.416366+00:00 [queued]>
[2024-03-26T15:18:41.823+0200] {taskinstance.py:1979} INFO - Dependencies all met for dep_context=requeueable deps ti=<TaskInstance: trigger_dag.process_result.sensor_triggered_dag manual__2024-03-26T13:18:28.416366+00:00 [queued]>
[2024-03-26T15:18:41.824+0200] {taskinstance.py:2193} INFO - Starting attempt 1 of 1
[2024-03-26T15:18:41.851+0200] {taskinstance.py:2214} INFO - Executing <Task(ExternalTaskSensor): process_result.sensor_triggered_dag> on 2024-03-26 13:18:28.416366+00:00
[2024-03-26T15:18:41.855+0200] {standard_task_runner.py:60} INFO - Started process 18053 to run task
[2024-03-26T15:18:41.862+0200] {standard_task_runner.py:87} INFO - Running: ['airflow', 'tasks', 'run', 'trigger_dag', 'process_result.sensor_triggered_dag', 'manual__2024-03-26T13:18:28.416366+00:00', '--job-id', '579', '--raw', '--subdir', 'DAGS_FOLDER/trigger_dag.py', '--cfg-path', '/var/folders/t6/vwjsg0jx26jcjdwn_gxhbjzc0000gp/T/tmp9d7c2cc5']
[2024-03-26T15:18:41.865+0200] {standard_task_runner.py:88} INFO - Job 579: Subtask process_result.sensor_triggered_dag
[2024-03-26T15:18:41.958+0200] {task_command.py:423} INFO - Running <TaskInstance: trigger_dag.process_result.sensor_triggered_dag manual__2024-03-26T13:18:28.416366+00:00 [running]> on host C9843
[2024-03-26T15:18:42.071+0200] {taskinstance.py:2510} INFO - Exporting env vars: AIRFLOW_CTX_DAG_OWNER='airflow' AIRFLOW_CTX_DAG_ID='trigger_dag' AIRFLOW_CTX_TASK_ID='process_result.sensor_triggered_dag' AIRFLOW_CTX_EXECUTION_DATE='2024-03-26T13:18:28.416366+00:00' AIRFLOW_CTX_TRY_NUMBER='1' AIRFLOW_CTX_DAG_RUN_ID='manual__2024-03-26T13:18:28.416366+00:00'
[2024-03-26T15:18:42.075+0200] {taskinstance.py:2728} ERROR - Task failed with exception
Traceback (most recent call last):
  File "/usr/local/lib/python3.8/site-packages/airflow/models/taskinstance.py", line 444, in _execute_task
    result = _execute_callable(context=context, **execute_callable_kwargs)
  File "/usr/local/lib/python3.8/site-packages/airflow/models/taskinstance.py", line 414, in _execute_callable
    return execute_callable(context=context, **execute_callable_kwargs)
  File "/usr/local/lib/python3.8/site-packages/airflow/sensors/external_task.py", line 334, in execute
    super().execute(context)
  File "/usr/local/lib/python3.8/site-packages/airflow/sensors/base.py", line 265, in execute
    raise e
  File "/usr/local/lib/python3.8/site-packages/airflow/sensors/base.py", line 247, in execute
    poke_return = self.poke(context)
  File "/usr/local/lib/python3.8/site-packages/airflow/utils/session.py", line 79, in wrapper
    return func(*args, session=session, **kwargs)
  File "/usr/local/lib/python3.8/site-packages/airflow/sensors/external_task.py", line 240, in poke
    dttm_filter = self._get_dttm_filter(context)
  File "/usr/local/lib/python3.8/site-packages/airflow/sensors/external_task.py", line 229, in _get_dttm_filter
    dttm = self._handle_execution_date_fn(context=context)
  File "/usr/local/lib/python3.8/site-packages/airflow/sensors/external_task.py", line 468, in _handle_execution_date_fn
    return kwargs_callable(logical_date, **kwargs)
  File "/usr/local/lib/python3.8/site-packages/airflow/utils/operator_helpers.py", line 211, in kwargs_func
    kwargs = determine_kwargs(func, args, kwargs)
  File "/usr/local/lib/python3.8/site-packages/airflow/utils/operator_helpers.py", line 197, in determine_kwargs
    return KeywordParameters.determine(func, args, kwargs).unpacking()
  File "/usr/local/lib/python3.8/site-packages/airflow/utils/operator_helpers.py", line 163, in determine
    raise ValueError(f"The key {name!r} in args is a part of kwargs and therefore reserved.")
ValueError: The key 'context' in args is a part of kwargs and therefore reserved.
[2024-03-26T15:18:42.106+0200] {taskinstance.py:1149} INFO - Marking task as FAILED. dag_id=trigger_dag, task_id=process_result.sensor_triggered_dag, execution_date=20240326T131828, start_date=20240326T131841, end_date=20240326T131842
[2024-03-26T15:18:42.116+0200] {standard_task_runner.py:107} ERROR - Failed to execute job 579 for task process_result.sensor_triggered_dag (The key 'context' in args is a part of kwargs and therefore reserved.; 18053)
[2024-03-26T15:18:42.134+0200] {local_task_job_runner.py:234} INFO - Task exited with return code 1
[2024-03-26T15:18:42.178+0200] {taskinstance.py:3309} INFO - 0 downstream tasks scheduled from follow-on schedule check
