[2024-03-19T10:53:00.004+0200] {taskinstance.py:1979} INFO - Dependencies all met for dep_context=non-requeueable deps ti=<TaskInstance: dag_id_3.insert_new_row manual__2024-03-19T08:52:52.868088+00:00 [queued]>
[2024-03-19T10:53:00.012+0200] {taskinstance.py:1979} INFO - Dependencies all met for dep_context=requeueable deps ti=<TaskInstance: dag_id_3.insert_new_row manual__2024-03-19T08:52:52.868088+00:00 [queued]>
[2024-03-19T10:53:00.013+0200] {taskinstance.py:2193} INFO - Starting attempt 1 of 1
[2024-03-19T10:53:00.026+0200] {taskinstance.py:2214} INFO - Executing <Task(PostgresOperator): insert_new_row> on 2024-03-19 08:52:52.868088+00:00
[2024-03-19T10:53:00.030+0200] {standard_task_runner.py:60} INFO - Started process 4655 to run task
[2024-03-19T10:53:00.036+0200] {standard_task_runner.py:87} INFO - Running: ['airflow', 'tasks', 'run', 'dag_id_3', 'insert_new_row', 'manual__2024-03-19T08:52:52.868088+00:00', '--job-id', '278', '--raw', '--subdir', 'DAGS_FOLDER/jobs_dag.py', '--cfg-path', '/var/folders/t6/vwjsg0jx26jcjdwn_gxhbjzc0000gp/T/tmpibyr6occ']
[2024-03-19T10:53:00.039+0200] {standard_task_runner.py:88} INFO - Job 278: Subtask insert_new_row
[2024-03-19T10:53:00.123+0200] {task_command.py:423} INFO - Running <TaskInstance: dag_id_3.insert_new_row manual__2024-03-19T08:52:52.868088+00:00 [running]> on host C9843
[2024-03-19T10:53:00.303+0200] {taskinstance.py:2510} INFO - Exporting env vars: AIRFLOW_CTX_DAG_OWNER='airflow' AIRFLOW_CTX_DAG_ID='dag_id_3' AIRFLOW_CTX_TASK_ID='insert_new_row' AIRFLOW_CTX_EXECUTION_DATE='2024-03-19T08:52:52.868088+00:00' AIRFLOW_CTX_TRY_NUMBER='1' AIRFLOW_CTX_DAG_RUN_ID='manual__2024-03-19T08:52:52.868088+00:00'
[2024-03-19T10:53:00.305+0200] {sql.py:276} INFO - Executing: INSERT INTO table_name_3 VALUES (%s, %s, %s)
[2024-03-19T10:53:00.316+0200] {base.py:83} INFO - Using connection ID 'airflow_db' for task execution.
[2024-03-19T10:53:00.369+0200] {taskinstance.py:2728} ERROR - Task failed with exception
Traceback (most recent call last):
  File "/usr/local/lib/python3.8/site-packages/airflow/models/taskinstance.py", line 444, in _execute_task
    result = _execute_callable(context=context, **execute_callable_kwargs)
  File "/usr/local/lib/python3.8/site-packages/airflow/models/taskinstance.py", line 414, in _execute_callable
    return execute_callable(context=context, **execute_callable_kwargs)
  File "/usr/local/lib/python3.8/site-packages/airflow/providers/common/sql/operators/sql.py", line 277, in execute
    hook = self.get_db_hook()
  File "/usr/local/lib/python3.8/site-packages/airflow/providers/common/sql/operators/sql.py", line 188, in get_db_hook
    return self._hook
  File "/usr/local/Cellar/python@3.8/3.8.18_2/Frameworks/Python.framework/Versions/3.8/lib/python3.8/functools.py", line 967, in __get__
    val = self.func(instance)
  File "/usr/local/lib/python3.8/site-packages/airflow/providers/common/sql/operators/sql.py", line 151, in _hook
    hook = conn.get_hook(hook_params=self.hook_params)
  File "/usr/local/lib/python3.8/site-packages/airflow/models/connection.py", line 398, in get_hook
    raise AirflowException(f'Unknown hook type "{self.conn_type}"')
airflow.exceptions.AirflowException: Unknown hook type "mysql"
[2024-03-19T10:53:00.373+0200] {taskinstance.py:1149} INFO - Marking task as FAILED. dag_id=dag_id_3, task_id=insert_new_row, execution_date=20240319T085252, start_date=20240319T085300, end_date=20240319T085300
[2024-03-19T10:53:00.403+0200] {standard_task_runner.py:107} ERROR - Failed to execute job 278 for task insert_new_row (Unknown hook type "mysql"; 4655)
[2024-03-19T10:53:00.428+0200] {local_task_job_runner.py:234} INFO - Task exited with return code 1
[2024-03-19T10:53:00.459+0200] {logging_mixin.py:188} WARNING - /usr/local/lib/python3.8/site-packages/airflow/models/baseoperator.py:1201 AirflowProviderDeprecationWarning: Call to deprecated class PostgresOperator. (Please use `airflow.providers.common.sql.operators.sql.SQLExecuteQueryOperator`.Also, you can provide `hook_params={'schema': <database>}`.)
[2024-03-19T10:53:00.471+0200] {taskinstance.py:3309} INFO - 0 downstream tasks scheduled from follow-on schedule check
